Determining if the pthread_create exist failed with the following output:
Change Dir: /home/dzy/program/mutiply_threads/myslam/build/CMakeFiles/CMakeTmp

Run Build Command:"/usr/bin/make" "cmTC_c0685/fast"
/usr/bin/make -f CMakeFiles/cmTC_c0685.dir/build.make CMakeFiles/cmTC_c0685.dir/build
make[1]: Entering directory '/home/dzy/program/mutiply_threads/myslam/build/CMakeFiles/CMakeTmp'
Building C object CMakeFiles/cmTC_c0685.dir/CheckSymbolExists.c.o
/usr/bin/cc    -fPIC    -o CMakeFiles/cmTC_c0685.dir/CheckSymbolExists.c.o   -c /home/dzy/program/mutiply_threads/myslam/build/CMakeFiles/CMakeTmp/CheckSymbolExists.c
Linking C executable cmTC_c0685
/usr/bin/cmake -E cmake_link_script CMakeFiles/cmTC_c0685.dir/link.txt --verbose=1
/usr/bin/cc  -fPIC     CMakeFiles/cmTC_c0685.dir/CheckSymbolExists.c.o  -o cmTC_c0685 -rdynamic 
CMakeFiles/cmTC_c0685.dir/CheckSymbolExists.c.o：在函数‘main’中：
CheckSymbolExists.c:(.text+0x1b)：对‘pthread_create’未定义的引用
collect2: error: ld returned 1 exit status
CMakeFiles/cmTC_c0685.dir/build.make:97: recipe for target 'cmTC_c0685' failed
make[1]: *** [cmTC_c0685] Error 1
make[1]: Leaving directory '/home/dzy/program/mutiply_threads/myslam/build/CMakeFiles/CMakeTmp'
Makefile:126: recipe for target 'cmTC_c0685/fast' failed
make: *** [cmTC_c0685/fast] Error 2

File /home/dzy/program/mutiply_threads/myslam/build/CMakeFiles/CMakeTmp/CheckSymbolExists.c:
/* */
#include <pthread.h>

int main(int argc, char** argv)
{
  (void)argv;
#ifndef pthread_create
  return ((int*)(&pthread_create))[argc];
#else
  (void)argc;
  return 0;
#endif
}

Determining if the function pthread_create exists in the pthreads failed with the following output:
Change Dir: /home/dzy/program/mutiply_threads/myslam/build/CMakeFiles/CMakeTmp

Run Build Command:"/usr/bin/make" "cmTC_72dbf/fast"
/usr/bin/make -f CMakeFiles/cmTC_72dbf.dir/build.make CMakeFiles/cmTC_72dbf.dir/build
make[1]: Entering directory '/home/dzy/program/mutiply_threads/myslam/build/CMakeFiles/CMakeTmp'
Building C object CMakeFiles/cmTC_72dbf.dir/CheckFunctionExists.c.o
/usr/bin/cc    -fPIC -DCHECK_FUNCTION_EXISTS=pthread_create   -o CMakeFiles/cmTC_72dbf.dir/CheckFunctionExists.c.o   -c /usr/share/cmake-3.5/Modules/CheckFunctionExists.c
Linking C executable cmTC_72dbf
/usr/bin/cmake -E cmake_link_script CMakeFiles/cmTC_72dbf.dir/link.txt --verbose=1
/usr/bin/cc  -fPIC -DCHECK_FUNCTION_EXISTS=pthread_create    CMakeFiles/cmTC_72dbf.dir/CheckFunctionExists.c.o  -o cmTC_72dbf -rdynamic -lpthreads 
/usr/bin/ld: 找不到 -lpthreads
collect2: error: ld returned 1 exit status
CMakeFiles/cmTC_72dbf.dir/build.make:97: recipe for target 'cmTC_72dbf' failed
make[1]: *** [cmTC_72dbf] Error 1
make[1]: Leaving directory '/home/dzy/program/mutiply_threads/myslam/build/CMakeFiles/CMakeTmp'
Makefile:126: recipe for target 'cmTC_72dbf/fast' failed
make: *** [cmTC_72dbf/fast] Error 2


